<<<<<<< HEAD
180308 16:14:44.736:I 1 [com.google.devtools.build.lib.analysis.BlazeVersionInfo.logVersionInfo] Blaze version info: Build label: 0.7.0
=======
180308 15:55:50.093:I 1 [com.google.devtools.build.lib.analysis.BlazeVersionInfo.logVersionInfo] Blaze version info: Build label: 0.7.0
>>>>>>> 739a15398c4714f2804e3a80350734c2b0a1daa3
Build target: bazel-out/local-fastbuild/bin/src/main/java/com/google/devtools/build/lib/bazel/BazelServer_deploy.jar
Build time: Wed Oct 18 14:27:19 2017 (1508336839)
Build timestamp: 1508336839
Build timestamp as int: 1508336839
<<<<<<< HEAD
180308 16:14:45.846:I 1 [com.google.devtools.build.lib.runtime.BlazeRuntime.main] Starting Blaze server with pid pid 43643 and  and args [--max_idle_secs=10800, --connect_timeout_secs=30, --install_base=/home/lcl/.cache/bazel/_bazel_lcl/install/87bd8178e17eba1d2cb9891fa4d0f450, --install_md5=87bd8178e17eba1d2cb9891fa4d0f450, --output_base=/home/lcl/Desktop/projects/tensorflow_caicloud/bazel_demo/hello_world, --workspace_directory=/home/lcl/Desktop/projects/tensorflow_caicloud/bazel_demo/hello_world, --deep_execroot, --experimental_oom_more_eagerly_threshold=100, --nofatal_event_bus_exceptions, --client_debug=false, --product_name=Bazel, --option_sources=output_Ubase:]
180308 16:14:53.664:I 15 [com.google.devtools.build.lib.server.GrpcServerImpl$RunningCommand.<init>] Starting command f0ec2c37-ce3f-4358-a289-ba49884431e1 on thread grpc-default-worker-ELG-3-1
180308 16:14:53.705:I 15 [com.google.devtools.build.lib.server.GrpcServerImpl$RunningCommand.close] Finished command f0ec2c37-ce3f-4358-a289-ba49884431e1 on thread grpc-default-worker-ELG-3-1
180308 16:14:53.872:I 19 [com.google.devtools.build.lib.server.GrpcServerImpl$RunningCommand.<init>] Starting command 44f06c06-43c0-4f45-8bb3-e75d3532234e on thread grpc-command-0
180308 16:14:53.905:I 19 [com.google.devtools.build.lib.runtime.CommandExecutor.exec] [build, --startup_time=119, --restart_reason=no_daemon, --binary_path=/home/lcl/bin/bazel, --rc_source=client, --default_override=0:common=--isatty=1, --default_override=0:common=--terminal_columns=80, --client_env=LC_PAPER=zh_CN.UTF-8, --client_env=XDG_VTNR=7, --client_env=XDG_SESSION_ID=c2, --client_env=LC_ADDRESS=zh_CN.UTF-8, --client_env=CLUTTER_IM_MODULE=xim, --client_env=LC_MONETARY=zh_CN.UTF-8, --client_env=SELINUX_INIT=YES, --client_env=XDG_GREETER_DATA_DIR=/var/lib/lightdm-data/lcl, --client_env=SESSION=ubuntu, --client_env=GPG_AGENT_INFO=/run/user/1000/keyring-Vy0hku/gpg:0:1, --client_env=ANDROID_HOME=/home/lcl/Desktop/software/android-sdk-linux, --client_env=SHELL=/bin/bash, --client_env=XDG_MENU_PREFIX=gnome-, --client_env=VTE_VERSION=3409, --client_env=TERM=xterm, --client_env=LC_NUMERIC=zh_CN.UTF-8, --client_env=WINDOWID=48273717, --client_env=GNOME_KEYRING_CONTROL=/run/user/1000/keyring-Vy0hku, --client_env=UPSTART_SESSION=unix:abstract=/com/ubuntu/upstart-session/1000/2304, --client_env=GTK_MODULES=overlay-scrollbar:unity-gtk-module, --client_env=NO_PROXY=localhost,127.0.0.0/8,::1, --client_env=USER=lcl, --client_env=NDK_HOME=/home/lcl/Desktop/software/android-ndk-r10e, --client_env=http_proxy=http://172.21.3.227:3128/, --client_env=JRE_HOME=/usr/lib/jvm/jdk1.8.0_151/jre, --client_env=LC_TELEPHONE=zh_CN.UTF-8, --client_env=LS_COLORS=rs=0:di=01;34:ln=01;36:mh=00:pi=40;33:so=01;35:do=01;35:bd=40;33;01:cd=40;33;01:or=40;31;01:su=37;41:sg=30;43:ca=30;41:tw=30;42:ow=34;42:st=37;44:ex=01;32:*.tar=01;31:*.tgz=01;31:*.arj=01;31:*.taz=01;31:*.lzh=01;31:*.lzma=01;31:*.tlz=01;31:*.txz=01;31:*.zip=01;31:*.z=01;31:*.Z=01;31:*.dz=01;31:*.gz=01;31:*.lz=01;31:*.xz=01;31:*.bz2=01;31:*.bz=01;31:*.tbz=01;31:*.tbz2=01;31:*.tz=01;31:*.deb=01;31:*.rpm=01;31:*.jar=01;31:*.war=01;31:*.ear=01;31:*.sar=01;31:*.rar=01;31:*.ace=01;31:*.zoo=01;31:*.cpio=01;31:*.7z=01;31:*.rz=01;31:*.jpg=01;35:*.jpeg=01;35:*.gif=01;35:*.bmp=01;35:*.pbm=01;35:*.pgm=01;35:*.ppm=01;35:*.tga=01;35:*.xbm=01;35:*.xpm=01;35:*.tif=01;35:*.tiff=01;35:*.png=01;35:*.svg=01;35:*.svgz=01;35:*.mng=01;35:*.pcx=01;35:*.mov=01;35:*.mpg=01;35:*.mpeg=01;35:*.m2v=01;35:*.mkv=01;35:*.webm=01;35:*.ogm=01;35:*.mp4=01;35:*.m4v=01;35:*.mp4v=01;35:*.vob=01;35:*.qt=01;35:*.nuv=01;35:*.wmv=01;35:*.asf=01;35:*.rm=01;35:*.rmvb=01;35:*.flc=01;35:*.avi=01;35:*.fli=01;35:*.flv=01;35:*.gl=01;35:*.dl=01;35:*.xcf=01;35:*.xwd=01;35:*.yuv=01;35:*.cgm=01;35:*.emf=01;35:*.axv=01;35:*.anx=01;35:*.ogv=01;35:*.ogx=01;35:*.aac=00;36:*.au=00;36:*.flac=00;36:*.mid=00;36:*.midi=00;36:*.mka=00;36:*.mp3=00;36:*.mpc=00;36:*.ogg=00;36:*.ra=00;36:*.wav=00;36:*.axa=00;36:*.oga=00;36:*.spx=00;36:*.xspf=00;36:, --client_env=LD_LIBRARY_PATH=/usr/local/opencv/3.3.0/lib, --client_env=XDG_SESSION_PATH=/org/freedesktop/DisplayManager/Session0, --client_env=XDG_SEAT_PATH=/org/freedesktop/DisplayManager/Seat0, --client_env=SSH_AUTH_SOCK=__private_value_removed__, --client_env=ftp_proxy=ftp://172.21.3.227:3128/, --client_env=SESSION_MANAGER=local/ubuntu:@/tmp/.ICE-unix/2460,unix/ubuntu:/tmp/.ICE-unix/2460, --client_env=DEFAULTS_PATH=/usr/share/gconf/ubuntu.default.path, --client_env=XDG_CONFIG_DIRS=/etc/xdg/xdg-ubuntu:/usr/share/upstart/xdg:/etc/xdg, --client_env=ALL_PROXY=socks://172.21.3.227:1080/, --client_env=all_proxy=socks://172.21.3.227:1080/, --client_env=PATH=/usr/local/ffmpeg/bin/:/usr/bin/:/usr/lib/jvm/jdk1.8.0_151/bin:/home/lcl/bin:/home/lcl/Desktop/software/android-ndk-r10e:/usr/local/sbin:/usr/local/bin:/usr/sbin:/usr/bin:/sbin:/bin:/usr/games:/usr/local/games:/home/lcl/Desktop/software/android-sdk-linux/tools:/home/lcl/Desktop/software/android-sdk-linux/platform-tools, --client_env=DESKTOP_SESSION=ubuntu, --client_env=QT_QPA_PLATFORMTHEME=appmenu-qt5, --client_env=QT_IM_MODULE=xim, --client_env=LC_IDENTIFICATION=zh_CN.UTF-8, --client_env=JOB=dbus, --client_env=PWD=/home/lcl/Desktop/projects/tensorflow_caicloud/bazel_demo/hello_world, --client_env=AMDAPPSDKROOT=/opt/AMDAPPSDK-3.0, --client_env=XMODIFIERS=@im=fcitx, --client_env=socks_proxy=socks://172.21.3.227:1080/, --client_env=JAVA_HOME=/usr/lib/jvm/jdk1.8.0_151, --client_env=LANG=en_US.UTF-8, --client_env=GNOME_KEYRING_PID=2276, --client_env=MANDATORY_PATH=/usr/share/gconf/ubuntu.mandatory.path, --client_env=GDM_LANG=en_US, --client_env=LC_MEASUREMENT=zh_CN.UTF-8, --client_env=IM_CONFIG_PHASE=1, --client_env=COMPIZ_CONFIG_PROFILE=ubuntu, --client_env=PAPERSIZE=a4, --client_env=GDMSESSION=ubuntu, --client_env=https_proxy=https://172.21.3.227:3128/, --client_env=BAZEL_REAL=/home/lcl/.bazel/bin/bazel-real, --client_env=SESSIONTYPE=gnome-session, --client_env=XDG_SEAT=seat0, --client_env=HOME=/home/lcl, --client_env=SHLVL=1, --client_env=LANGUAGE=en_US, --client_env=GNOME_DESKTOP_SESSION_ID=this-is-deprecated, --client_env=no_proxy=localhost,127.0.0.0/8,::1, --client_env=LOGNAME=lcl, --client_env=PYTHONPATH=/home/lcl/caffe/python:, --client_env=COMPIZ_BIN_PATH=/usr/bin/, --client_env=QT4_IM_MODULE=fcitx, --client_env=XDG_DATA_DIRS=/usr/share/ubuntu:/usr/share/gnome:/usr/local/share/:/usr/share/, --client_env=DBUS_SESSION_BUS_ADDRESS=unix:abstract=/tmp/dbus-7igzXI2n43, --client_env=CLASSPATH=.:/usr/lib/jvm/jdk1.8.0_151/lib:/usr/lib/jvm/jdk1.8.0_151/jre/lib, --client_env=LESSOPEN=| /usr/bin/lesspipe %s, --client_env=PKG_CONFIG_PATH=/usr/local/opencv/3.3.0/lib/pkgconfig, --client_env=TEXTDOMAIN=im-config, --client_env=INSTANCE=, --client_env=DISPLAY=:0, --client_env=XDG_RUNTIME_DIR=/run/user/1000, --client_env=GTK_IM_MODULE=fcitx, --client_env=XDG_CURRENT_DESKTOP=Unity, --client_env=LC_TIME=zh_CN.UTF-8, --client_env=LESSCLOSE=/usr/bin/lesspipe %s %s, --client_env=TEXTDOMAINDIR=/usr/share/locale/, --client_env=COLORTERM=gnome-terminal, --client_env=XAUTHORITY=__private_value_removed__, --client_env=LC_NAME=zh_CN.UTF-8, --client_cwd=/home/lcl/Desktop/projects/tensorflow_caicloud/bazel_demo/hello_world, :hello_main]
180308 16:14:54.179:I 19 [com.google.devtools.build.lib.buildtool.BuildRequest$JobsConverter.convert] Flag "jobs" was set to "auto"; using 1 jobs
180308 16:14:54.496:I 19 [com.google.devtools.build.lib.remote.RemoteModule.beforeCommand] Command: buildRequestId = 97074191-363a-42a8-9266-62713a1a0e97, commandId = dfe0bc00-4f66-4ab1-8fca-b7dcf3e45aec
180308 16:14:54.551:I 19 [com.google.devtools.build.lib.runtime.BlazeRuntime.setupLogging] Log level: INFO
180308 16:14:55.049:I 19 [com.google.devtools.build.lib.skyframe.DiffAwarenessManager.maybeGetDiffAwarenessState] Using local DiffAwareness strategy for /home/lcl/Desktop/projects/tensorflow_caicloud/bazel_demo/hello_world
180308 16:14:55.061:I 19 [com.google.devtools.build.lib.skyframe.DiffAwarenessManager.getDiff] Initial baseline view for /home/lcl/Desktop/projects/tensorflow_caicloud/bazel_demo/hello_world is SequentialView[owner=null, position=-2, modifiedAbsolutePaths=[]]
180308 16:14:55.222:I 19 [com.google.devtools.build.lib.skyframe.SequencedSkyframeExecutor.handleDiffsWithMissingDiffInformation] About to scan skyframe graph checking for filesystem nodes of types [EXTERNAL, OUTPUT, EXTERNAL_REPO]
180308 16:14:55.247:I 19 [com.google.devtools.build.lib.skyframe.FilesystemValueChecker$4.accept] Spent 5 ms checking 0 filesystem nodes (8 scanned)
180308 16:14:55.253:I 19 [com.google.devtools.build.lib.skyframe.SequencedSkyframeExecutor.logDiffInfo] DiffAwareness found 0 modified source files and directory listings for /home/lcl/Desktop/projects/tensorflow_caicloud/bazel_demo/hello_world
180308 16:14:55.642:I 19 [com.google.devtools.build.lib.buildtool.BuildTool.buildTargets] Build identifier: dfe0bc00-4f66-4ab1-8fca-b7dcf3e45aec
180308 16:14:55.651:I 19 [com.google.devtools.build.lib.skyframe.LegacyLoadingPhaseRunner.execute] Starting pattern evaluation
180308 16:14:56.897:I 72 [com.google.devtools.build.lib.skyframe.ExternalFilesHelper.maybeHandleExternalFile] Encountered an external path [/]/[]
180308 16:14:56.912:I 75 [com.google.devtools.build.lib.skyframe.ExternalFilesHelper.maybeHandleExternalFile] Encountered an external path [/]/[home]
180308 16:14:56.938:I 78 [com.google.devtools.build.lib.skyframe.ExternalFilesHelper.maybeHandleExternalFile] Encountered an external path [/]/[home/lcl]
180308 16:14:56.961:I 81 [com.google.devtools.build.lib.skyframe.ExternalFilesHelper.maybeHandleExternalFile] Encountered an external path [/]/[home/lcl/.cache]
180308 16:14:56.982:I 84 [com.google.devtools.build.lib.skyframe.ExternalFilesHelper.maybeHandleExternalFile] Encountered an external path [/]/[home/lcl/.cache/bazel]
180308 16:14:57.001:I 87 [com.google.devtools.build.lib.skyframe.ExternalFilesHelper.maybeHandleExternalFile] Encountered an external path [/]/[home/lcl/.cache/bazel/_bazel_lcl]
180308 16:14:57.035:I 90 [com.google.devtools.build.lib.skyframe.ExternalFilesHelper.maybeHandleExternalFile] Encountered an external path [/]/[home/lcl/.cache/bazel/_bazel_lcl/install]
180308 16:14:57.062:I 93 [com.google.devtools.build.lib.skyframe.ExternalFilesHelper.maybeHandleExternalFile] Encountered an external path [/]/[home/lcl/.cache/bazel/_bazel_lcl/install/87bd8178e17eba1d2cb9891fa4d0f450]
180308 16:14:57.103:I 96 [com.google.devtools.build.lib.skyframe.ExternalFilesHelper.maybeHandleExternalFile] Encountered an external path [/]/[home/lcl/.cache/bazel/_bazel_lcl/install/87bd8178e17eba1d2cb9891fa4d0f450/_embedded_binaries]
180308 16:14:57.127:I 99 [com.google.devtools.build.lib.skyframe.ExternalFilesHelper.maybeHandleExternalFile] Encountered an external path [/]/[home/lcl/.cache/bazel/_bazel_lcl/install/87bd8178e17eba1d2cb9891fa4d0f450/_embedded_binaries/embedded_tools]
180308 16:14:57.189:I 105 [com.google.devtools.build.lib.skyframe.ExternalFilesHelper.maybeHandleExternalFile] Encountered an external path [/]/[home/lcl/.cache/bazel/_bazel_lcl/install/87bd8178e17eba1d2cb9891fa4d0f450/_embedded_binaries/embedded_tools/WORKSPACE]
180308 16:14:57.439:I 121 [com.google.devtools.build.lib.skyframe.ExternalFilesHelper.maybeHandleExternalFile] Encountered an external path [/]/[home/lcl/.cache/bazel/_bazel_lcl/install/87bd8178e17eba1d2cb9891fa4d0f450/_embedded_binaries/embedded_tools/tools]
180308 16:14:57.476:I 126 [com.google.devtools.build.lib.skyframe.ExternalFilesHelper.maybeHandleExternalFile] Encountered an external path [/]/[home/lcl/.cache/bazel/_bazel_lcl/install/87bd8178e17eba1d2cb9891fa4d0f450/_embedded_binaries/embedded_tools/tools/cpp]
180308 16:14:57.518:I 131 [com.google.devtools.build.lib.skyframe.ExternalFilesHelper.maybeHandleExternalFile] Encountered an external path [/]/[home/lcl/.cache/bazel/_bazel_lcl/install/87bd8178e17eba1d2cb9891fa4d0f450/_embedded_binaries/embedded_tools/tools/cpp/BUILD.bazel]
180308 16:14:57.552:I 135 [com.google.devtools.build.lib.skyframe.ExternalFilesHelper.maybeHandleExternalFile] Encountered an external path [/]/[home/lcl/.cache/bazel/_bazel_lcl/install/87bd8178e17eba1d2cb9891fa4d0f450/_embedded_binaries/embedded_tools/tools/cpp/BUILD]
180308 16:14:57.596:I 142 [com.google.devtools.build.lib.skyframe.ExternalFilesHelper.maybeHandleExternalFile] Encountered an external path [/]/[home/lcl/.cache/bazel/_bazel_lcl/install/87bd8178e17eba1d2cb9891fa4d0f450/_embedded_binaries/embedded_tools/tools/cpp/cc_configure.bzl]
180308 16:14:57.723:I 160 [com.google.devtools.build.lib.skyframe.ExternalFilesHelper.maybeHandleExternalFile] Encountered an external path [/]/[home/lcl/.cache/bazel/_bazel_lcl/install/87bd8178e17eba1d2cb9891fa4d0f450/_embedded_binaries/embedded_tools/tools/cpp/unix_cc_configure.bzl]
180308 16:14:57.725:I 161 [com.google.devtools.build.lib.skyframe.ExternalFilesHelper.maybeHandleExternalFile] Encountered an external path [/]/[home/lcl/.cache/bazel/_bazel_lcl/install/87bd8178e17eba1d2cb9891fa4d0f450/_embedded_binaries/embedded_tools/tools/cpp/windows_cc_configure.bzl]
180308 16:14:57.727:I 162 [com.google.devtools.build.lib.skyframe.ExternalFilesHelper.maybeHandleExternalFile] Encountered an external path [/]/[home/lcl/.cache/bazel/_bazel_lcl/install/87bd8178e17eba1d2cb9891fa4d0f450/_embedded_binaries/embedded_tools/tools/cpp/lib_cc_configure.bzl]
180308 16:14:57.731:I 163 [com.google.devtools.build.lib.skyframe.ExternalFilesHelper.maybeHandleExternalFile] Encountered an external path [/]/[home/lcl/.cache/bazel/_bazel_lcl/install/87bd8178e17eba1d2cb9891fa4d0f450/_embedded_binaries/embedded_tools/tools/cpp/osx_cc_configure.bzl]
180308 16:14:57.998:I 189 [com.google.devtools.build.lib.skyframe.ExternalFilesHelper.maybeHandleExternalFile] Encountered an external path [/]/[home/lcl/.cache/bazel/_bazel_lcl/install/87bd8178e17eba1d2cb9891fa4d0f450/_embedded_binaries/embedded_tools/tools/osx]
180308 16:14:58.058:I 194 [com.google.devtools.build.lib.skyframe.ExternalFilesHelper.maybeHandleExternalFile] Encountered an external path [/]/[home/lcl/.cache/bazel/_bazel_lcl/install/87bd8178e17eba1d2cb9891fa4d0f450/_embedded_binaries/embedded_tools/tools/osx/BUILD.bazel]
180308 16:14:58.131:I 198 [com.google.devtools.build.lib.skyframe.ExternalFilesHelper.maybeHandleExternalFile] Encountered an external path [/]/[home/lcl/.cache/bazel/_bazel_lcl/install/87bd8178e17eba1d2cb9891fa4d0f450/_embedded_binaries/embedded_tools/tools/osx/BUILD]
180308 16:14:58.360:I 205 [com.google.devtools.build.lib.skyframe.ExternalFilesHelper.maybeHandleExternalFile] Encountered an external path [/]/[home/lcl/.cache/bazel/_bazel_lcl/install/87bd8178e17eba1d2cb9891fa4d0f450/_embedded_binaries/embedded_tools/tools/osx/xcode_configure.bzl]
180308 16:14:58.959:I 19 [com.google.devtools.build.lib.skyframe.LegacyLoadingPhaseRunner.execute] Starting test suite expansion
180308 16:14:58.992:I 19 [com.google.devtools.build.lib.skyframe.LegacyLoadingPhaseRunner.execute] Target pattern evaluation finished
180308 16:14:59.069:I 19 [com.google.devtools.build.lib.runtime.CacheFileDigestsModule.executorInit] Reconfiguring cache with size=50000
180308 16:14:59.096:I 19 [com.google.devtools.build.lib.runtime.CacheFileDigestsModule.logStats] Accumulated cache stats before command: hit count=0, miss count=0, hit rate=1.0, eviction count=0
180308 16:14:59.545:I 249 [com.google.devtools.build.lib.skyframe.ExternalFilesHelper.maybeHandleExternalFile] Encountered an external path [/]/[home/lcl/.cache/bazel/_bazel_lcl/install/87bd8178e17eba1d2cb9891fa4d0f450/_embedded_binaries/embedded_tools/tools/jdk]
180308 16:14:59.590:I 259 [com.google.devtools.build.lib.skyframe.ExternalFilesHelper.maybeHandleExternalFile] Encountered an external path [/]/[home/lcl/.cache/bazel/_bazel_lcl/install/87bd8178e17eba1d2cb9891fa4d0f450/_embedded_binaries/embedded_tools/tools/cpp/dummy_toolchain.bzl]
180308 16:14:59.598:I 260 [com.google.devtools.build.lib.skyframe.ExternalFilesHelper.maybeHandleExternalFile] Encountered an external path [/]/[home/lcl/.cache/bazel/_bazel_lcl/install/87bd8178e17eba1d2cb9891fa4d0f450/_embedded_binaries/embedded_tools/tools/cpp/alias_rules.bzl]
180308 16:14:59.618:I 264 [com.google.devtools.build.lib.skyframe.ExternalFilesHelper.maybeHandleExternalFile] Encountered an external path [/]/[home/lcl/.cache/bazel/_bazel_lcl/install/87bd8178e17eba1d2cb9891fa4d0f450/_embedded_binaries/embedded_tools/tools/jdk/BUILD.bazel]
180308 16:14:59.680:I 274 [com.google.devtools.build.lib.skyframe.ExternalFilesHelper.maybeHandleExternalFile] Encountered an external path [/]/[home/lcl/.cache/bazel/_bazel_lcl/install/87bd8178e17eba1d2cb9891fa4d0f450/_embedded_binaries/embedded_tools/tools/jdk/BUILD]
180308 16:14:59.811:I 295 [com.google.devtools.build.lib.skyframe.ExternalFilesHelper.maybeHandleExternalFile] Encountered an external path [/]/[home/lcl/.cache/bazel/_bazel_lcl/install/87bd8178e17eba1d2cb9891fa4d0f450/_embedded_binaries/embedded_tools/tools/jdk/alias_rules.bzl]
180308 16:15:00.146:I 346 [com.google.devtools.build.lib.skyframe.ExternalFilesHelper.maybeHandleExternalFile] Encountered an external path [/]/[home/lcl/.cache/bazel/_bazel_lcl/install/87bd8178e17eba1d2cb9891fa4d0f450/_embedded_binaries/embedded_tools/tools/cpp]
180308 16:15:00.210:I 357 [com.google.devtools.build.lib.skyframe.ExternalFilesHelper.maybeHandleExternalFile] Encountered an external path [/]/[home/lcl/.cache/bazel/_bazel_lcl/install/87bd8178e17eba1d2cb9891fa4d0f450/_embedded_binaries/embedded_tools/tools/cpp/wrapper]
180308 16:15:00.352:I 372 [com.google.devtools.build.lib.skyframe.ExternalFilesHelper.maybeHandleExternalFile] Encountered an external path [/]/[home/lcl/.cache/bazel/_bazel_lcl/install/87bd8178e17eba1d2cb9891fa4d0f450/_embedded_binaries/embedded_tools/tools/jdk/singlejar]
180308 16:15:00.366:I 376 [com.google.devtools.build.lib.skyframe.ExternalFilesHelper.maybeHandleExternalFile] Encountered an external path [/]/[home/lcl/.cache/bazel/_bazel_lcl/install/87bd8178e17eba1d2cb9891fa4d0f450/_embedded_binaries/embedded_tools/tools/jdk]
180308 16:15:00.369:I 377 [com.google.devtools.build.lib.skyframe.ExternalFilesHelper.maybeHandleExternalFile] Encountered an external path [/]/[home/lcl/.cache/bazel/_bazel_lcl/install/87bd8178e17eba1d2cb9891fa4d0f450/_embedded_binaries/embedded_tools/tools/jdk/ijar]
180308 16:15:00.460:I 391 [com.google.devtools.build.lib.skyframe.ExternalFilesHelper.maybeHandleExternalFile] Encountered an external path [/]/[home/lcl/.cache/bazel/_bazel_lcl/install/87bd8178e17eba1d2cb9891fa4d0f450/_embedded_binaries/embedded_tools/tools/cpp/wrapper/bin]
180308 16:15:00.475:I 393 [com.google.devtools.build.lib.skyframe.ExternalFilesHelper.maybeHandleExternalFile] Encountered an external path [/]/[home/lcl/.cache/bazel/_bazel_lcl/install/87bd8178e17eba1d2cb9891fa4d0f450/_embedded_binaries/embedded_tools/tools/cpp/wrapper/BUILD.bazel]
180308 16:15:00.532:I 408 [com.google.devtools.build.lib.skyframe.ExternalFilesHelper.maybeHandleExternalFile] Encountered an external path [/]/[home/lcl/.cache/bazel/_bazel_lcl/install/87bd8178e17eba1d2cb9891fa4d0f450/_embedded_binaries/embedded_tools/tools/jdk/singlejar/BUILD.bazel]
180308 16:15:00.541:I 410 [com.google.devtools.build.lib.skyframe.ExternalFilesHelper.maybeHandleExternalFile] Encountered an external path [/]/[home/lcl/.cache/bazel/_bazel_lcl/install/87bd8178e17eba1d2cb9891fa4d0f450/_embedded_binaries/embedded_tools/tools/jdk/ijar/BUILD.bazel]
180308 16:15:00.575:I 416 [com.google.devtools.build.lib.skyframe.ExternalFilesHelper.maybeHandleExternalFile] Encountered an external path [/]/[home/lcl/.cache/bazel/_bazel_lcl/install/87bd8178e17eba1d2cb9891fa4d0f450/_embedded_binaries/embedded_tools/tools/cpp/wrapper/BUILD]
180308 16:15:00.583:I 420 [com.google.devtools.build.lib.skyframe.ExternalFilesHelper.maybeHandleExternalFile] Encountered an external path [/]/[home/lcl/.cache/bazel/_bazel_lcl/install/87bd8178e17eba1d2cb9891fa4d0f450/_embedded_binaries/embedded_tools/tools/cpp/wrapper/bin/pydir]
180308 16:15:00.587:I 418 [com.google.devtools.build.lib.skyframe.ExternalFilesHelper.maybeHandleExternalFile] Encountered an external path [/]/[home/lcl/.cache/bazel/_bazel_lcl/install/87bd8178e17eba1d2cb9891fa4d0f450/_embedded_binaries/embedded_tools/tools/cpp/wrapper/bin/BUILD.bazel]
180308 16:15:00.651:I 428 [com.google.devtools.build.lib.skyframe.ExternalFilesHelper.maybeHandleExternalFile] Encountered an external path [/]/[home/lcl/.cache/bazel/_bazel_lcl/install/87bd8178e17eba1d2cb9891fa4d0f450/_embedded_binaries/embedded_tools/tools/jdk/singlejar/BUILD]
180308 16:15:00.656:I 430 [com.google.devtools.build.lib.skyframe.ExternalFilesHelper.maybeHandleExternalFile] Encountered an external path [/]/[home/lcl/.cache/bazel/_bazel_lcl/install/87bd8178e17eba1d2cb9891fa4d0f450/_embedded_binaries/embedded_tools/tools/jdk/ijar/BUILD]
180308 16:15:00.738:I 439 [com.google.devtools.build.lib.skyframe.ExternalFilesHelper.maybeHandleExternalFile] Encountered an external path [/]/[home/lcl/.cache/bazel/_bazel_lcl/install/87bd8178e17eba1d2cb9891fa4d0f450/_embedded_binaries/embedded_tools/tools/cpp/wrapper/bin/BUILD]
180308 16:15:00.755:I 437 [com.google.devtools.build.lib.skyframe.ExternalFilesHelper.maybeHandleExternalFile] Encountered an external path [/]/[home/lcl/.cache/bazel/_bazel_lcl/install/87bd8178e17eba1d2cb9891fa4d0f450/_embedded_binaries/embedded_tools/tools/jdk/singlejar]
180308 16:15:00.804:I 445 [com.google.devtools.build.lib.skyframe.ExternalFilesHelper.maybeHandleExternalFile] Encountered an external path [/]/[home/lcl/.cache/bazel/_bazel_lcl/install/87bd8178e17eba1d2cb9891fa4d0f450/_embedded_binaries/embedded_tools/tools/cpp/wrapper]
180308 16:15:00.806:I 446 [com.google.devtools.build.lib.skyframe.ExternalFilesHelper.maybeHandleExternalFile] Encountered an external path [/]/[home/lcl/.cache/bazel/_bazel_lcl/install/87bd8178e17eba1d2cb9891fa4d0f450/_embedded_binaries/embedded_tools/tools/cpp/wrapper/bin/pydir/BUILD.bazel]
180308 16:15:00.826:I 447 [com.google.devtools.build.lib.skyframe.ExternalFilesHelper.maybeHandleExternalFile] Encountered an external path [/]/[home/lcl/.cache/bazel/_bazel_lcl/install/87bd8178e17eba1d2cb9891fa4d0f450/_embedded_binaries/embedded_tools/tools/cpp/wrapper/bin]
180308 16:15:00.833:I 254 [com.google.devtools.build.lib.skyframe.ExternalFilesHelper.maybeHandleExternalFile] Encountered an external path [/]/[home/lcl/.cache/bazel/_bazel_lcl/install/87bd8178e17eba1d2cb9891fa4d0f450/_embedded_binaries/embedded_tools/tools/jdk/ijar]
180308 16:15:00.831:I 446 [com.google.devtools.build.lib.skyframe.ExternalFilesHelper.maybeHandleExternalFile] Encountered an external path [/]/[home/lcl/.cache/bazel/_bazel_lcl/install/87bd8178e17eba1d2cb9891fa4d0f450/_embedded_binaries/embedded_tools/tools/cpp/wrapper/bin/pydir/BUILD]
180308 16:15:00.847:I 446 [com.google.devtools.build.lib.skyframe.ExternalFilesHelper.maybeHandleExternalFile] Encountered an external path [/]/[home/lcl/.cache/bazel/_bazel_lcl/install/87bd8178e17eba1d2cb9891fa4d0f450/_embedded_binaries/embedded_tools/tools/cpp/wrapper/bin/pydir]
180308 16:15:00.882:I 290 [com.google.devtools.build.lib.skyframe.ExternalFilesHelper.maybeHandleExternalFile] Encountered an external path [/home/lcl/.cache/bazel/_bazel_lcl/install/87bd8178e17eba1d2cb9891fa4d0f450/_embedded_binaries]/[]
180308 16:15:00.884:I 294 [com.google.devtools.build.lib.skyframe.ExternalFilesHelper.maybeHandleExternalFile] Encountered an external path [/home/lcl/.cache/bazel/_bazel_lcl/install/87bd8178e17eba1d2cb9891fa4d0f450/_embedded_binaries]/[jdk.BUILD]
180308 16:15:00.922:I 301 [com.google.devtools.build.lib.skyframe.ExternalFilesHelper.maybeHandleExternalFile] Encountered an external path [/]/[usr]
180308 16:15:00.924:I 414 [com.google.devtools.build.lib.skyframe.ExternalFilesHelper.maybeHandleExternalFile] Encountered an external path [/]/[usr/lib]
180308 16:15:00.925:I 414 [com.google.devtools.build.lib.skyframe.ExternalFilesHelper.maybeHandleExternalFile] Encountered an external path [/]/[usr/lib/jvm]
180308 16:15:00.939:I 419 [com.google.devtools.build.lib.skyframe.ExternalFilesHelper.maybeHandleExternalFile] Encountered an external path [/]/[usr/lib/jvm/jdk1.8.0_151]
180308 16:15:00.946:I 421 [com.google.devtools.build.lib.skyframe.ExternalFilesHelper.maybeHandleExternalFile] Encountered an external path [/]/[usr/lib/jvm/jdk1.8.0_151]
180308 16:15:01.080:I 440 [com.google.devtools.build.lib.skyframe.ExternalFilesHelper.maybeHandleExternalFile] Encountered an external path [/]/[home/lcl/.cache/bazel/_bazel_lcl/install/87bd8178e17eba1d2cb9891fa4d0f450/_embedded_binaries/jdk.BUILD]
180308 16:15:03.479:I 234 [com.google.devtools.build.lib.skyframe.ExternalFilesHelper.maybeHandleExternalFile] Encountered an external path [/]/[usr/lib/jvm/jdk1.8.0_151/jre]
180308 16:15:03.481:I 231 [com.google.devtools.build.lib.skyframe.ExternalFilesHelper.maybeHandleExternalFile] Encountered an external path [/]/[usr/lib/jvm/jdk1.8.0_151/jre/BUILD.bazel]
180308 16:15:03.483:I 234 [com.google.devtools.build.lib.skyframe.ExternalFilesHelper.maybeHandleExternalFile] Encountered an external path [/]/[usr/lib/jvm/jdk1.8.0_151/jre/BUILD]
180308 16:15:03.486:I 250 [com.google.devtools.build.lib.skyframe.ExternalFilesHelper.maybeHandleExternalFile] Encountered an external path [/]/[usr/lib/jvm/jdk1.8.0_151/jre/bin]
180308 16:15:03.489:I 250 [com.google.devtools.build.lib.skyframe.ExternalFilesHelper.maybeHandleExternalFile] Encountered an external path [/]/[usr/lib/jvm/jdk1.8.0_151/jre/bin/BUILD.bazel]
180308 16:15:03.509:I 340 [com.google.devtools.build.lib.skyframe.ExternalFilesHelper.maybeHandleExternalFile] Encountered an external path [/]/[usr/lib/jvm/jdk1.8.0_151/javafx-src.zip]
180308 16:15:03.507:I 333 [com.google.devtools.build.lib.skyframe.ExternalFilesHelper.maybeHandleExternalFile] Encountered an external path [/]/[usr/lib/jvm/jdk1.8.0_151/include]
180308 16:15:03.505:I 331 [com.google.devtools.build.lib.skyframe.ExternalFilesHelper.maybeHandleExternalFile] Encountered an external path [/]/[usr/lib/jvm/jdk1.8.0_151/release]
180308 16:15:03.503:I 325 [com.google.devtools.build.lib.skyframe.ExternalFilesHelper.maybeHandleExternalFile] Encountered an external path [/]/[usr/lib/jvm/jdk1.8.0_151/COPYRIGHT]
180308 16:15:03.501:I 313 [com.google.devtools.build.lib.skyframe.ExternalFilesHelper.maybeHandleExternalFile] Encountered an external path [/]/[usr/lib/jvm/jdk1.8.0_151/THIRDPARTYLICENSEREADME-JAVAFX.txt]
180308 16:15:03.499:I 302 [com.google.devtools.build.lib.skyframe.ExternalFilesHelper.maybeHandleExternalFile] Encountered an external path [/]/[usr/lib/jvm/jdk1.8.0_151/db]
180308 16:15:03.498:I 446 [com.google.devtools.build.lib.skyframe.ExternalFilesHelper.maybeHandleExternalFile] Encountered an external path [/]/[usr/lib/jvm/jdk1.8.0_151/README.html]
180308 16:15:03.496:I 296 [com.google.devtools.build.lib.skyframe.ExternalFilesHelper.maybeHandleExternalFile] Encountered an external path [/]/[usr/lib/jvm/jdk1.8.0_151/LICENSE]
180308 16:15:03.496:I 447 [com.google.devtools.build.lib.skyframe.ExternalFilesHelper.maybeHandleExternalFile] Encountered an external path [/]/[usr/lib/jvm/jdk1.8.0_151/lib]
180308 16:15:03.529:I 447 [com.google.devtools.build.lib.skyframe.ExternalFilesHelper.maybeHandleExternalFile] Encountered an external path [/]/[usr/lib/jvm/jdk1.8.0_151/lib/BUILD.bazel]
180308 16:15:03.495:I 287 [com.google.devtools.build.lib.skyframe.ExternalFilesHelper.maybeHandleExternalFile] Encountered an external path [/]/[usr/lib/jvm/jdk1.8.0_151/src.zip]
180308 16:15:03.495:I 264 [com.google.devtools.build.lib.skyframe.ExternalFilesHelper.maybeHandleExternalFile] Encountered an external path [/]/[usr/lib/jvm/jdk1.8.0_151/man]
180308 16:15:03.494:I 278 [com.google.devtools.build.lib.skyframe.ExternalFilesHelper.maybeHandleExternalFile] Encountered an external path [/]/[usr/lib/jvm/jdk1.8.0_151/THIRDPARTYLICENSEREADME.txt]
180308 16:15:03.492:I 268 [com.google.devtools.build.lib.skyframe.ExternalFilesHelper.maybeHandleExternalFile] Encountered an external path [/]/[usr/lib/jvm/jdk1.8.0_151/bin]
180308 16:15:03.533:I 268 [com.google.devtools.build.lib.skyframe.ExternalFilesHelper.maybeHandleExternalFile] Encountered an external path [/]/[usr/lib/jvm/jdk1.8.0_151/bin/BUILD.bazel]
180308 16:15:03.539:I 268 [com.google.devtools.build.lib.skyframe.ExternalFilesHelper.maybeHandleExternalFile] Encountered an external path [/]/[usr/lib/jvm/jdk1.8.0_151/bin/BUILD]
180308 16:15:03.541:I 268 [com.google.devtools.build.lib.skyframe.ExternalFilesHelper.maybeHandleExternalFile] Encountered an external path [/]/[usr/lib/jvm/jdk1.8.0_151/bin]
180308 16:15:03.544:I 250 [com.google.devtools.build.lib.skyframe.ExternalFilesHelper.maybeHandleExternalFile] Encountered an external path [/]/[usr/lib/jvm/jdk1.8.0_151/jre/bin/BUILD]
180308 16:15:03.534:I 447 [com.google.devtools.build.lib.skyframe.ExternalFilesHelper.maybeHandleExternalFile] Encountered an external path [/]/[usr/lib/jvm/jdk1.8.0_151/lib/BUILD]
180308 16:15:03.547:I 447 [com.google.devtools.build.lib.skyframe.ExternalFilesHelper.maybeHandleExternalFile] Encountered an external path [/]/[usr/lib/jvm/jdk1.8.0_151/lib]
180308 16:15:03.537:I 333 [com.google.devtools.build.lib.skyframe.ExternalFilesHelper.maybeHandleExternalFile] Encountered an external path [/]/[usr/lib/jvm/jdk1.8.0_151/include/BUILD.bazel]
180308 16:15:03.593:I 285 [com.google.devtools.build.lib.skyframe.ExternalFilesHelper.maybeHandleExternalFile] Encountered an external path [/]/[usr/lib/jvm/jdk1.8.0_151/include/BUILD]
180308 16:15:03.596:I 295 [com.google.devtools.build.lib.skyframe.ExternalFilesHelper.maybeHandleExternalFile] Encountered an external path [/]/[usr/lib/jvm/jdk1.8.0_151/include]
180308 16:15:03.485:I 234 [com.google.devtools.build.lib.skyframe.ExternalFilesHelper.maybeHandleExternalFile] Encountered an external path [/]/[usr/lib/jvm/jdk1.8.0_151/jre/lib]
180308 16:15:03.577:I 340 [com.google.devtools.build.lib.skyframe.ExternalFilesHelper.maybeHandleExternalFile] Encountered an external path [/]/[usr/lib/jvm/jdk1.8.0_151/lib/amd64]
180308 16:15:03.575:I 325 [com.google.devtools.build.lib.skyframe.ExternalFilesHelper.maybeHandleExternalFile] Encountered an external path [/]/[usr/lib/jvm/jdk1.8.0_151/include/linux]
180308 16:15:03.563:I 339 [com.google.devtools.build.lib.skyframe.ExternalFilesHelper.maybeHandleExternalFile] Encountered an external path [/]/[usr/lib/jvm/jdk1.8.0_151/include/freebsd]
180308 16:15:03.562:I 297 [com.google.devtools.build.lib.skyframe.ExternalFilesHelper.maybeHandleExternalFile] Encountered an external path [/]/[usr/lib/jvm/jdk1.8.0_151/include/win32]
180308 16:15:03.561:I 293 [com.google.devtools.build.lib.skyframe.ExternalFilesHelper.maybeHandleExternalFile] Encountered an external path [/]/[usr/lib/jvm/jdk1.8.0_151/include/darwin]
180308 16:15:03.553:I 387 [com.google.devtools.build.lib.skyframe.ExternalFilesHelper.maybeHandleExternalFile] Encountered an external path [/]/[usr/lib/jvm/jdk1.8.0_151/jre]
180308 16:15:03.552:I 378 [com.google.devtools.build.lib.skyframe.ExternalFilesHelper.maybeHandleExternalFile] Encountered an external path [/]/[usr/lib/jvm/jdk1.8.0_151/db/BUILD.bazel]
180308 16:15:03.552:I 392 [com.google.devtools.build.lib.skyframe.ExternalFilesHelper.maybeHandleExternalFile] Encountered an external path [/]/[usr/lib/jvm/jdk1.8.0_151/man/BUILD.bazel]
180308 16:15:03.549:I 385 [com.google.devtools.build.lib.skyframe.ExternalFilesHelper.maybeHandleExternalFile] Encountered an external path [/]/[usr/lib/jvm/jdk1.8.0_151/lib/missioncontrol]
180308 16:15:03.549:I 381 [com.google.devtools.build.lib.skyframe.ExternalFilesHelper.maybeHandleExternalFile] Encountered an external path [/]/[usr/lib/jvm/jdk1.8.0_151/lib/visualvm]
180308 16:15:09.841:I 19 [com.google.devtools.build.lib.buildtool.BuildTool.buildTargets] Configurations created
180308 16:15:09.852:I 19 [com.google.devtools.build.lib.analysis.BuildView.update] Starting analysis
180308 16:15:12.464:I 19 [com.google.devtools.build.lib.profiler.AutoProfiler$LoggingElapsedTimeReceiver.log] Spent 104 milliseconds doing discovering artifact conflicts
180308 16:15:12.468:I 19 [com.google.devtools.build.lib.analysis.BuildView.update] Finished analysis
180308 16:15:12.526:I 19 [com.google.devtools.build.lib.profiler.AutoProfiler$LoggingElapsedTimeReceiver.log] Spent 11 milliseconds doing Loading action cache
180308 16:15:12.582:I 19 [com.google.devtools.build.lib.skyframe.FilesystemValueChecker.getDirtyActionValues] Accumulating dirty actions
180308 16:15:12.601:I 19 [com.google.devtools.build.lib.skyframe.FilesystemValueChecker.getDirtyActionValues] Sharded action values for batching
180308 16:15:12.602:I 19 [com.google.devtools.build.lib.skyframe.FilesystemValueChecker.getDirtyActionValues] Completed output file stat checks
180308 16:15:12.604:I 19 [com.google.devtools.build.lib.skyframe.SkyframeExecutor.informAboutNumberOfModifiedFiles] Found 0 modified files from last build
180308 16:15:12.912:I 744 [com.google.devtools.build.lib.exec.local.LocalSpawnRunner$SubprocessHandler.setState] Step #1 time: 0.005 delta: 0.005 state: INITIALIZING --> PARSING
180308 16:15:12.913:I 744 [com.google.devtools.build.lib.exec.local.LocalSpawnRunner$SubprocessHandler.start] starting local subprocess #1, argv: _bin/build-runfiles bazel-out/local-fastbuild/bin/hello_main.runfiles_manifest bazel-out/local-fastbuild/bin/hello_main.runfiles
180308 16:15:12.913:I 744 [com.google.devtools.build.lib.exec.local.LocalSpawnRunner$SubprocessHandler.stepLog] prefetching inputs for local execution (#1 Creating runfiles tree bazel-out/local-fastbuild/bin/hello_main.runfiles)
180308 16:15:12.913:I 744 [com.google.devtools.build.lib.exec.local.LocalSpawnRunner$SubprocessHandler.setState] Step #1 time: 0.024 delta: 0.019 state: PARSING --> PREFETCHING_LOCAL_INPUTS
180308 16:15:12.917:I 744 [com.google.devtools.build.lib.exec.local.LocalSpawnRunner$SubprocessHandler.stepLog] running locally (#1 Creating runfiles tree bazel-out/local-fastbuild/bin/hello_main.runfiles)
180308 16:15:12.917:I 744 [com.google.devtools.build.lib.exec.local.LocalSpawnRunner$SubprocessHandler.setState] Step #1 time: 0.028 delta: 0.004 state: PREFETCHING_LOCAL_INPUTS --> LOCAL_ACTION_RUNNING
180308 16:15:12.955:I 744 [com.google.devtools.build.lib.exec.local.LocalSpawnRunner$SubprocessHandler.setState] Step #1 time: 0.066 delta: 0.038 state: LOCAL_ACTION_RUNNING --> SUCCESS
180308 16:15:12.959:I 744 [com.google.devtools.build.lib.profiler.AutoProfiler$LoggingElapsedTimeReceiver.log] Spent 100 milliseconds doing running action 'Creating runfiles tree bazel-out/local-fastbuild/bin/hello_main.runfiles'
180308 16:15:13.090:I 19 [com.google.devtools.build.lib.profiler.AutoProfiler$LoggingElapsedTimeReceiver.log] Spent 10 milliseconds doing Saving action cache
180308 16:15:13.115:I 19 [com.google.devtools.build.lib.runtime.BuildSummaryStatsModule.buildComplete] Critical Path: 0.15s
  0.12s action 'Creating runfiles tree bazel-out/local-fastbuild/bin/hello_main.runfiles'
  0.03s action 'Creating source manifest for //:hello_main'
180308 16:15:13.122:I 19 [com.google.devtools.build.lib.runtime.BuildSummaryStatsModule.buildComplete] Slowest actions:
  0.12s action 'Creating runfiles tree bazel-out/local-fastbuild/bin/hello_main.runfiles'
  0.08s action 'BazelWorkspaceStatusAction stable-status.txt'
  0.03s action 'Creating source manifest for //:hello_main'
  0.01s action 'Expanding template hello_main'
  0.00s runfiles_artifacts for //:hello_main
  0.00s runfiles for //:hello_main
180308 16:15:13.150:I 19 [com.google.devtools.build.lib.runtime.CacheFileDigestsModule.logStats] Accumulated cache stats after command: hit count=0, miss count=7, hit rate=0.0, eviction count=0
180308 16:15:13.150:I 19 [com.google.devtools.build.lib.runtime.CacheFileDigestsModule.logStats] Cache stats for finished command: hit count=0, miss count=7, hit rate=0.0, eviction count=0
180308 16:15:13.156:I 19 [com.google.devtools.build.lib.server.GrpcServerImpl$RunningCommand.close] Finished command 44f06c06-43c0-4f45-8bb3-e75d3532234e on thread grpc-command-0
180308 16:15:23.354:I 745 [com.google.devtools.build.lib.profiler.AutoProfiler$LoggingElapsedTimeReceiver.log] Spent 165 milliseconds doing Idle GC
=======
180308 15:55:51.817:I 1 [com.google.devtools.build.lib.runtime.BlazeRuntime.main] Starting Blaze server with pid pid 41529 and  and args [--max_idle_secs=10800, --connect_timeout_secs=30, --install_base=/home/lcl/.cache/bazel/_bazel_lcl/install/87bd8178e17eba1d2cb9891fa4d0f450, --install_md5=87bd8178e17eba1d2cb9891fa4d0f450, --output_base=/home/lcl/Desktop/projects/tensorflow_caicloud/bazel_demo/hello_world, --workspace_directory=/home/lcl/Desktop/projects/tensorflow_caicloud/bazel_demo/hello_world, --deep_execroot, --experimental_oom_more_eagerly_threshold=100, --nofatal_event_bus_exceptions, --client_debug=false, --product_name=Bazel, --option_sources=output_Ubase:]
180308 15:56:04.543:I 15 [com.google.devtools.build.lib.server.GrpcServerImpl$RunningCommand.<init>] Starting command 3a7ba16a-373f-4c23-b8b0-74502963a0a7 on thread grpc-default-worker-ELG-3-1
180308 15:56:04.607:I 15 [com.google.devtools.build.lib.server.GrpcServerImpl$RunningCommand.close] Finished command 3a7ba16a-373f-4c23-b8b0-74502963a0a7 on thread grpc-default-worker-ELG-3-1
180308 15:56:04.722:I 19 [com.google.devtools.build.lib.server.GrpcServerImpl$RunningCommand.<init>] Starting command c35f962e-0a6c-4f03-872d-7e2d9a8f2ddd on thread grpc-command-0
180308 15:56:04.744:I 19 [com.google.devtools.build.lib.runtime.CommandExecutor.exec] [build, --startup_time=126, --restart_reason=no_daemon, --binary_path=/home/lcl/bin/bazel, --rc_source=client, --default_override=0:common=--isatty=1, --default_override=0:common=--terminal_columns=80, --client_env=LC_PAPER=zh_CN.UTF-8, --client_env=XDG_VTNR=7, --client_env=XDG_SESSION_ID=c2, --client_env=LC_ADDRESS=zh_CN.UTF-8, --client_env=CLUTTER_IM_MODULE=xim, --client_env=LC_MONETARY=zh_CN.UTF-8, --client_env=SELINUX_INIT=YES, --client_env=XDG_GREETER_DATA_DIR=/var/lib/lightdm-data/lcl, --client_env=SESSION=ubuntu, --client_env=GPG_AGENT_INFO=/run/user/1000/keyring-Vy0hku/gpg:0:1, --client_env=ANDROID_HOME=/home/lcl/Desktop/software/android-sdk-linux, --client_env=SHELL=/bin/bash, --client_env=XDG_MENU_PREFIX=gnome-, --client_env=VTE_VERSION=3409, --client_env=TERM=xterm, --client_env=LC_NUMERIC=zh_CN.UTF-8, --client_env=WINDOWID=48273717, --client_env=GNOME_KEYRING_CONTROL=/run/user/1000/keyring-Vy0hku, --client_env=UPSTART_SESSION=unix:abstract=/com/ubuntu/upstart-session/1000/2304, --client_env=GTK_MODULES=overlay-scrollbar:unity-gtk-module, --client_env=NO_PROXY=localhost,127.0.0.0/8,::1, --client_env=USER=lcl, --client_env=NDK_HOME=/home/lcl/Desktop/software/android-ndk-r10e, --client_env=http_proxy=http://172.21.3.227:3128/, --client_env=JRE_HOME=/usr/lib/jvm/jdk1.8.0_151/jre, --client_env=LC_TELEPHONE=zh_CN.UTF-8, --client_env=LS_COLORS=rs=0:di=01;34:ln=01;36:mh=00:pi=40;33:so=01;35:do=01;35:bd=40;33;01:cd=40;33;01:or=40;31;01:su=37;41:sg=30;43:ca=30;41:tw=30;42:ow=34;42:st=37;44:ex=01;32:*.tar=01;31:*.tgz=01;31:*.arj=01;31:*.taz=01;31:*.lzh=01;31:*.lzma=01;31:*.tlz=01;31:*.txz=01;31:*.zip=01;31:*.z=01;31:*.Z=01;31:*.dz=01;31:*.gz=01;31:*.lz=01;31:*.xz=01;31:*.bz2=01;31:*.bz=01;31:*.tbz=01;31:*.tbz2=01;31:*.tz=01;31:*.deb=01;31:*.rpm=01;31:*.jar=01;31:*.war=01;31:*.ear=01;31:*.sar=01;31:*.rar=01;31:*.ace=01;31:*.zoo=01;31:*.cpio=01;31:*.7z=01;31:*.rz=01;31:*.jpg=01;35:*.jpeg=01;35:*.gif=01;35:*.bmp=01;35:*.pbm=01;35:*.pgm=01;35:*.ppm=01;35:*.tga=01;35:*.xbm=01;35:*.xpm=01;35:*.tif=01;35:*.tiff=01;35:*.png=01;35:*.svg=01;35:*.svgz=01;35:*.mng=01;35:*.pcx=01;35:*.mov=01;35:*.mpg=01;35:*.mpeg=01;35:*.m2v=01;35:*.mkv=01;35:*.webm=01;35:*.ogm=01;35:*.mp4=01;35:*.m4v=01;35:*.mp4v=01;35:*.vob=01;35:*.qt=01;35:*.nuv=01;35:*.wmv=01;35:*.asf=01;35:*.rm=01;35:*.rmvb=01;35:*.flc=01;35:*.avi=01;35:*.fli=01;35:*.flv=01;35:*.gl=01;35:*.dl=01;35:*.xcf=01;35:*.xwd=01;35:*.yuv=01;35:*.cgm=01;35:*.emf=01;35:*.axv=01;35:*.anx=01;35:*.ogv=01;35:*.ogx=01;35:*.aac=00;36:*.au=00;36:*.flac=00;36:*.mid=00;36:*.midi=00;36:*.mka=00;36:*.mp3=00;36:*.mpc=00;36:*.ogg=00;36:*.ra=00;36:*.wav=00;36:*.axa=00;36:*.oga=00;36:*.spx=00;36:*.xspf=00;36:, --client_env=LD_LIBRARY_PATH=/usr/local/opencv/3.3.0/lib, --client_env=XDG_SESSION_PATH=/org/freedesktop/DisplayManager/Session0, --client_env=XDG_SEAT_PATH=/org/freedesktop/DisplayManager/Seat0, --client_env=SSH_AUTH_SOCK=__private_value_removed__, --client_env=ftp_proxy=ftp://172.21.3.227:3128/, --client_env=SESSION_MANAGER=local/ubuntu:@/tmp/.ICE-unix/2460,unix/ubuntu:/tmp/.ICE-unix/2460, --client_env=DEFAULTS_PATH=/usr/share/gconf/ubuntu.default.path, --client_env=XDG_CONFIG_DIRS=/etc/xdg/xdg-ubuntu:/usr/share/upstart/xdg:/etc/xdg, --client_env=ALL_PROXY=socks://172.21.3.227:1080/, --client_env=all_proxy=socks://172.21.3.227:1080/, --client_env=PATH=/usr/local/ffmpeg/bin/:/usr/bin/:/usr/lib/jvm/jdk1.8.0_151/bin:/home/lcl/bin:/home/lcl/Desktop/software/android-ndk-r10e:/usr/local/sbin:/usr/local/bin:/usr/sbin:/usr/bin:/sbin:/bin:/usr/games:/usr/local/games:/home/lcl/Desktop/software/android-sdk-linux/tools:/home/lcl/Desktop/software/android-sdk-linux/platform-tools, --client_env=DESKTOP_SESSION=ubuntu, --client_env=QT_QPA_PLATFORMTHEME=appmenu-qt5, --client_env=QT_IM_MODULE=xim, --client_env=LC_IDENTIFICATION=zh_CN.UTF-8, --client_env=JOB=dbus, --client_env=PWD=/home/lcl/Desktop/projects/tensorflow_caicloud/bazel_demo/hello_world, --client_env=AMDAPPSDKROOT=/opt/AMDAPPSDK-3.0, --client_env=XMODIFIERS=@im=fcitx, --client_env=socks_proxy=socks://172.21.3.227:1080/, --client_env=JAVA_HOME=/usr/lib/jvm/jdk1.8.0_151, --client_env=LANG=en_US.UTF-8, --client_env=GNOME_KEYRING_PID=2276, --client_env=MANDATORY_PATH=/usr/share/gconf/ubuntu.mandatory.path, --client_env=GDM_LANG=en_US, --client_env=LC_MEASUREMENT=zh_CN.UTF-8, --client_env=IM_CONFIG_PHASE=1, --client_env=COMPIZ_CONFIG_PROFILE=ubuntu, --client_env=PAPERSIZE=a4, --client_env=GDMSESSION=ubuntu, --client_env=https_proxy=https://172.21.3.227:3128/, --client_env=BAZEL_REAL=/home/lcl/.bazel/bin/bazel-real, --client_env=SESSIONTYPE=gnome-session, --client_env=XDG_SEAT=seat0, --client_env=HOME=/home/lcl, --client_env=SHLVL=1, --client_env=LANGUAGE=en_US, --client_env=GNOME_DESKTOP_SESSION_ID=this-is-deprecated, --client_env=no_proxy=localhost,127.0.0.0/8,::1, --client_env=LOGNAME=lcl, --client_env=PYTHONPATH=/home/lcl/caffe/python:, --client_env=COMPIZ_BIN_PATH=/usr/bin/, --client_env=QT4_IM_MODULE=fcitx, --client_env=XDG_DATA_DIRS=/usr/share/ubuntu:/usr/share/gnome:/usr/local/share/:/usr/share/, --client_env=DBUS_SESSION_BUS_ADDRESS=unix:abstract=/tmp/dbus-7igzXI2n43, --client_env=CLASSPATH=.:/usr/lib/jvm/jdk1.8.0_151/lib:/usr/lib/jvm/jdk1.8.0_151/jre/lib, --client_env=LESSOPEN=| /usr/bin/lesspipe %s, --client_env=PKG_CONFIG_PATH=/usr/local/opencv/3.3.0/lib/pkgconfig, --client_env=TEXTDOMAIN=im-config, --client_env=INSTANCE=, --client_env=DISPLAY=:0, --client_env=XDG_RUNTIME_DIR=/run/user/1000, --client_env=GTK_IM_MODULE=fcitx, --client_env=XDG_CURRENT_DESKTOP=Unity, --client_env=LC_TIME=zh_CN.UTF-8, --client_env=LESSCLOSE=/usr/bin/lesspipe %s %s, --client_env=TEXTDOMAINDIR=/usr/share/locale/, --client_env=COLORTERM=gnome-terminal, --client_env=XAUTHORITY=__private_value_removed__, --client_env=LC_NAME=zh_CN.UTF-8, --client_cwd=/home/lcl/Desktop/projects/tensorflow_caicloud/bazel_demo/hello_world, :hello_main]
180308 15:56:05.012:I 19 [com.google.devtools.build.lib.buildtool.BuildRequest$JobsConverter.convert] Flag "jobs" was set to "auto"; using 1 jobs
180308 15:56:05.181:I 19 [com.google.devtools.build.lib.remote.RemoteModule.beforeCommand] Command: buildRequestId = 5a9d5569-6cac-421a-830d-5c3fed6744df, commandId = 84612ecb-14c2-4746-864d-4b73efbb5a63
180308 15:56:05.407:I 19 [com.google.devtools.build.lib.runtime.BlazeRuntime.setupLogging] Log level: INFO
180308 15:56:06.477:I 19 [com.google.devtools.build.lib.skyframe.DiffAwarenessManager.maybeGetDiffAwarenessState] Using local DiffAwareness strategy for /home/lcl/Desktop/projects/tensorflow_caicloud/bazel_demo/hello_world
180308 15:56:06.478:I 19 [com.google.devtools.build.lib.skyframe.DiffAwarenessManager.getDiff] Initial baseline view for /home/lcl/Desktop/projects/tensorflow_caicloud/bazel_demo/hello_world is SequentialView[owner=null, position=-2, modifiedAbsolutePaths=[]]
180308 15:56:06.854:I 19 [com.google.devtools.build.lib.skyframe.SequencedSkyframeExecutor.handleDiffsWithMissingDiffInformation] About to scan skyframe graph checking for filesystem nodes of types [EXTERNAL, OUTPUT, EXTERNAL_REPO]
180308 15:56:06.883:I 19 [com.google.devtools.build.lib.skyframe.FilesystemValueChecker$4.accept] Spent 0 ms checking 0 filesystem nodes (8 scanned)
180308 15:56:06.884:I 19 [com.google.devtools.build.lib.skyframe.SequencedSkyframeExecutor.logDiffInfo] DiffAwareness found 0 modified source files and directory listings for /home/lcl/Desktop/projects/tensorflow_caicloud/bazel_demo/hello_world
180308 15:56:07.358:I 19 [com.google.devtools.build.lib.buildtool.BuildTool.buildTargets] Build identifier: 84612ecb-14c2-4746-864d-4b73efbb5a63
180308 15:56:07.388:I 19 [com.google.devtools.build.lib.skyframe.LegacyLoadingPhaseRunner.execute] Starting pattern evaluation
180308 15:56:09.684:I 72 [com.google.devtools.build.lib.skyframe.ExternalFilesHelper.maybeHandleExternalFile] Encountered an external path [/]/[]
180308 15:56:09.697:I 75 [com.google.devtools.build.lib.skyframe.ExternalFilesHelper.maybeHandleExternalFile] Encountered an external path [/]/[home]
180308 15:56:09.709:I 78 [com.google.devtools.build.lib.skyframe.ExternalFilesHelper.maybeHandleExternalFile] Encountered an external path [/]/[home/lcl]
180308 15:56:09.715:I 81 [com.google.devtools.build.lib.skyframe.ExternalFilesHelper.maybeHandleExternalFile] Encountered an external path [/]/[home/lcl/.cache]
180308 15:56:09.719:I 84 [com.google.devtools.build.lib.skyframe.ExternalFilesHelper.maybeHandleExternalFile] Encountered an external path [/]/[home/lcl/.cache/bazel]
180308 15:56:09.726:I 87 [com.google.devtools.build.lib.skyframe.ExternalFilesHelper.maybeHandleExternalFile] Encountered an external path [/]/[home/lcl/.cache/bazel/_bazel_lcl]
180308 15:56:09.741:I 90 [com.google.devtools.build.lib.skyframe.ExternalFilesHelper.maybeHandleExternalFile] Encountered an external path [/]/[home/lcl/.cache/bazel/_bazel_lcl/install]
180308 15:56:09.752:I 93 [com.google.devtools.build.lib.skyframe.ExternalFilesHelper.maybeHandleExternalFile] Encountered an external path [/]/[home/lcl/.cache/bazel/_bazel_lcl/install/87bd8178e17eba1d2cb9891fa4d0f450]
180308 15:56:09.767:I 96 [com.google.devtools.build.lib.skyframe.ExternalFilesHelper.maybeHandleExternalFile] Encountered an external path [/]/[home/lcl/.cache/bazel/_bazel_lcl/install/87bd8178e17eba1d2cb9891fa4d0f450/_embedded_binaries]
180308 15:56:09.776:I 99 [com.google.devtools.build.lib.skyframe.ExternalFilesHelper.maybeHandleExternalFile] Encountered an external path [/]/[home/lcl/.cache/bazel/_bazel_lcl/install/87bd8178e17eba1d2cb9891fa4d0f450/_embedded_binaries/embedded_tools]
180308 15:56:09.804:I 105 [com.google.devtools.build.lib.skyframe.ExternalFilesHelper.maybeHandleExternalFile] Encountered an external path [/]/[home/lcl/.cache/bazel/_bazel_lcl/install/87bd8178e17eba1d2cb9891fa4d0f450/_embedded_binaries/embedded_tools/WORKSPACE]
180308 15:56:10.692:I 121 [com.google.devtools.build.lib.skyframe.ExternalFilesHelper.maybeHandleExternalFile] Encountered an external path [/]/[home/lcl/.cache/bazel/_bazel_lcl/install/87bd8178e17eba1d2cb9891fa4d0f450/_embedded_binaries/embedded_tools/tools]
180308 15:56:10.716:I 126 [com.google.devtools.build.lib.skyframe.ExternalFilesHelper.maybeHandleExternalFile] Encountered an external path [/]/[home/lcl/.cache/bazel/_bazel_lcl/install/87bd8178e17eba1d2cb9891fa4d0f450/_embedded_binaries/embedded_tools/tools/cpp]
180308 15:56:10.737:I 131 [com.google.devtools.build.lib.skyframe.ExternalFilesHelper.maybeHandleExternalFile] Encountered an external path [/]/[home/lcl/.cache/bazel/_bazel_lcl/install/87bd8178e17eba1d2cb9891fa4d0f450/_embedded_binaries/embedded_tools/tools/cpp/BUILD.bazel]
180308 15:56:10.754:I 135 [com.google.devtools.build.lib.skyframe.ExternalFilesHelper.maybeHandleExternalFile] Encountered an external path [/]/[home/lcl/.cache/bazel/_bazel_lcl/install/87bd8178e17eba1d2cb9891fa4d0f450/_embedded_binaries/embedded_tools/tools/cpp/BUILD]
180308 15:56:10.765:I 142 [com.google.devtools.build.lib.skyframe.ExternalFilesHelper.maybeHandleExternalFile] Encountered an external path [/]/[home/lcl/.cache/bazel/_bazel_lcl/install/87bd8178e17eba1d2cb9891fa4d0f450/_embedded_binaries/embedded_tools/tools/cpp/cc_configure.bzl]
180308 15:56:10.872:I 159 [com.google.devtools.build.lib.skyframe.ExternalFilesHelper.maybeHandleExternalFile] Encountered an external path [/]/[home/lcl/.cache/bazel/_bazel_lcl/install/87bd8178e17eba1d2cb9891fa4d0f450/_embedded_binaries/embedded_tools/tools/cpp/lib_cc_configure.bzl]
180308 15:56:10.874:I 161 [com.google.devtools.build.lib.skyframe.ExternalFilesHelper.maybeHandleExternalFile] Encountered an external path [/]/[home/lcl/.cache/bazel/_bazel_lcl/install/87bd8178e17eba1d2cb9891fa4d0f450/_embedded_binaries/embedded_tools/tools/cpp/windows_cc_configure.bzl]
180308 15:56:10.882:I 162 [com.google.devtools.build.lib.skyframe.ExternalFilesHelper.maybeHandleExternalFile] Encountered an external path [/]/[home/lcl/.cache/bazel/_bazel_lcl/install/87bd8178e17eba1d2cb9891fa4d0f450/_embedded_binaries/embedded_tools/tools/cpp/unix_cc_configure.bzl]
180308 15:56:10.891:I 165 [com.google.devtools.build.lib.skyframe.ExternalFilesHelper.maybeHandleExternalFile] Encountered an external path [/]/[home/lcl/.cache/bazel/_bazel_lcl/install/87bd8178e17eba1d2cb9891fa4d0f450/_embedded_binaries/embedded_tools/tools/cpp/osx_cc_configure.bzl]
180308 15:56:11.069:I 189 [com.google.devtools.build.lib.skyframe.ExternalFilesHelper.maybeHandleExternalFile] Encountered an external path [/]/[home/lcl/.cache/bazel/_bazel_lcl/install/87bd8178e17eba1d2cb9891fa4d0f450/_embedded_binaries/embedded_tools/tools/osx]
180308 15:56:11.132:I 194 [com.google.devtools.build.lib.skyframe.ExternalFilesHelper.maybeHandleExternalFile] Encountered an external path [/]/[home/lcl/.cache/bazel/_bazel_lcl/install/87bd8178e17eba1d2cb9891fa4d0f450/_embedded_binaries/embedded_tools/tools/osx/BUILD.bazel]
180308 15:56:11.154:I 198 [com.google.devtools.build.lib.skyframe.ExternalFilesHelper.maybeHandleExternalFile] Encountered an external path [/]/[home/lcl/.cache/bazel/_bazel_lcl/install/87bd8178e17eba1d2cb9891fa4d0f450/_embedded_binaries/embedded_tools/tools/osx/BUILD]
180308 15:56:11.210:I 205 [com.google.devtools.build.lib.skyframe.ExternalFilesHelper.maybeHandleExternalFile] Encountered an external path [/]/[home/lcl/.cache/bazel/_bazel_lcl/install/87bd8178e17eba1d2cb9891fa4d0f450/_embedded_binaries/embedded_tools/tools/osx/xcode_configure.bzl]
180308 15:56:11.613:I 19 [com.google.devtools.build.lib.skyframe.LegacyLoadingPhaseRunner.execute] Starting test suite expansion
180308 15:56:11.643:I 19 [com.google.devtools.build.lib.skyframe.LegacyLoadingPhaseRunner.execute] Target pattern evaluation finished
180308 15:56:11.760:I 19 [com.google.devtools.build.lib.runtime.CacheFileDigestsModule.executorInit] Reconfiguring cache with size=50000
180308 15:56:11.778:I 19 [com.google.devtools.build.lib.runtime.CacheFileDigestsModule.logStats] Accumulated cache stats before command: hit count=0, miss count=0, hit rate=1.0, eviction count=0
180308 15:56:12.303:I 248 [com.google.devtools.build.lib.skyframe.ExternalFilesHelper.maybeHandleExternalFile] Encountered an external path [/]/[home/lcl/.cache/bazel/_bazel_lcl/install/87bd8178e17eba1d2cb9891fa4d0f450/_embedded_binaries/embedded_tools/tools/jdk]
180308 15:56:12.353:I 259 [com.google.devtools.build.lib.skyframe.ExternalFilesHelper.maybeHandleExternalFile] Encountered an external path [/]/[home/lcl/.cache/bazel/_bazel_lcl/install/87bd8178e17eba1d2cb9891fa4d0f450/_embedded_binaries/embedded_tools/tools/cpp/alias_rules.bzl]
180308 15:56:12.355:I 260 [com.google.devtools.build.lib.skyframe.ExternalFilesHelper.maybeHandleExternalFile] Encountered an external path [/]/[home/lcl/.cache/bazel/_bazel_lcl/install/87bd8178e17eba1d2cb9891fa4d0f450/_embedded_binaries/embedded_tools/tools/cpp/dummy_toolchain.bzl]
180308 15:56:12.393:I 266 [com.google.devtools.build.lib.skyframe.ExternalFilesHelper.maybeHandleExternalFile] Encountered an external path [/]/[home/lcl/.cache/bazel/_bazel_lcl/install/87bd8178e17eba1d2cb9891fa4d0f450/_embedded_binaries/embedded_tools/tools/jdk/BUILD.bazel]
180308 15:56:12.437:I 274 [com.google.devtools.build.lib.skyframe.ExternalFilesHelper.maybeHandleExternalFile] Encountered an external path [/]/[home/lcl/.cache/bazel/_bazel_lcl/install/87bd8178e17eba1d2cb9891fa4d0f450/_embedded_binaries/embedded_tools/tools/jdk/BUILD]
180308 15:56:12.586:I 292 [com.google.devtools.build.lib.skyframe.ExternalFilesHelper.maybeHandleExternalFile] Encountered an external path [/]/[home/lcl/.cache/bazel/_bazel_lcl/install/87bd8178e17eba1d2cb9891fa4d0f450/_embedded_binaries/embedded_tools/tools/jdk/alias_rules.bzl]
180308 15:56:12.804:I 332 [com.google.devtools.build.lib.skyframe.ExternalFilesHelper.maybeHandleExternalFile] Encountered an external path [/]/[home/lcl/.cache/bazel/_bazel_lcl/install/87bd8178e17eba1d2cb9891fa4d0f450/_embedded_binaries/embedded_tools/tools/cpp]
180308 15:56:12.823:I 336 [com.google.devtools.build.lib.skyframe.ExternalFilesHelper.maybeHandleExternalFile] Encountered an external path [/]/[home/lcl/.cache/bazel/_bazel_lcl/install/87bd8178e17eba1d2cb9891fa4d0f450/_embedded_binaries/embedded_tools/tools/cpp/wrapper]
180308 15:56:12.932:I 365 [com.google.devtools.build.lib.skyframe.ExternalFilesHelper.maybeHandleExternalFile] Encountered an external path [/]/[home/lcl/.cache/bazel/_bazel_lcl/install/87bd8178e17eba1d2cb9891fa4d0f450/_embedded_binaries/embedded_tools/tools/cpp/wrapper/bin]
180308 15:56:12.966:I 370 [com.google.devtools.build.lib.skyframe.ExternalFilesHelper.maybeHandleExternalFile] Encountered an external path [/]/[home/lcl/.cache/bazel/_bazel_lcl/install/87bd8178e17eba1d2cb9891fa4d0f450/_embedded_binaries/embedded_tools/tools/cpp/wrapper/BUILD.bazel]
180308 15:56:13.034:I 383 [com.google.devtools.build.lib.skyframe.ExternalFilesHelper.maybeHandleExternalFile] Encountered an external path [/]/[home/lcl/.cache/bazel/_bazel_lcl/install/87bd8178e17eba1d2cb9891fa4d0f450/_embedded_binaries/embedded_tools/tools/jdk/singlejar]
180308 15:56:13.071:I 390 [com.google.devtools.build.lib.skyframe.ExternalFilesHelper.maybeHandleExternalFile] Encountered an external path [/]/[home/lcl/.cache/bazel/_bazel_lcl/install/87bd8178e17eba1d2cb9891fa4d0f450/_embedded_binaries/embedded_tools/tools/jdk/ijar]
180308 15:56:13.095:I 395 [com.google.devtools.build.lib.skyframe.ExternalFilesHelper.maybeHandleExternalFile] Encountered an external path [/]/[home/lcl/.cache/bazel/_bazel_lcl/install/87bd8178e17eba1d2cb9891fa4d0f450/_embedded_binaries/embedded_tools/tools/cpp/wrapper/bin/BUILD.bazel]
180308 15:56:13.106:I 397 [com.google.devtools.build.lib.skyframe.ExternalFilesHelper.maybeHandleExternalFile] Encountered an external path [/]/[home/lcl/.cache/bazel/_bazel_lcl/install/87bd8178e17eba1d2cb9891fa4d0f450/_embedded_binaries/embedded_tools/tools/cpp/wrapper/bin/pydir]
180308 15:56:13.122:I 401 [com.google.devtools.build.lib.skyframe.ExternalFilesHelper.maybeHandleExternalFile] Encountered an external path [/]/[home/lcl/.cache/bazel/_bazel_lcl/install/87bd8178e17eba1d2cb9891fa4d0f450/_embedded_binaries/embedded_tools/tools/jdk]
180308 15:56:13.137:I 405 [com.google.devtools.build.lib.skyframe.ExternalFilesHelper.maybeHandleExternalFile] Encountered an external path [/]/[home/lcl/.cache/bazel/_bazel_lcl/install/87bd8178e17eba1d2cb9891fa4d0f450/_embedded_binaries/embedded_tools/tools/cpp/wrapper/BUILD]
180308 15:56:13.158:I 409 [com.google.devtools.build.lib.skyframe.ExternalFilesHelper.maybeHandleExternalFile] Encountered an external path [/]/[home/lcl/.cache/bazel/_bazel_lcl/install/87bd8178e17eba1d2cb9891fa4d0f450/_embedded_binaries/embedded_tools/tools/jdk/singlejar/BUILD.bazel]
180308 15:56:13.332:I 417 [com.google.devtools.build.lib.skyframe.ExternalFilesHelper.maybeHandleExternalFile] Encountered an external path [/]/[home/lcl/.cache/bazel/_bazel_lcl/install/87bd8178e17eba1d2cb9891fa4d0f450/_embedded_binaries/embedded_tools/tools/jdk/ijar/BUILD.bazel]
180308 15:56:13.335:I 425 [com.google.devtools.build.lib.skyframe.ExternalFilesHelper.maybeHandleExternalFile] Encountered an external path [/]/[home/lcl/.cache/bazel/_bazel_lcl/install/87bd8178e17eba1d2cb9891fa4d0f450/_embedded_binaries/embedded_tools/tools/cpp/wrapper/bin/BUILD]
180308 15:56:13.391:I 434 [com.google.devtools.build.lib.skyframe.ExternalFilesHelper.maybeHandleExternalFile] Encountered an external path [/]/[home/lcl/.cache/bazel/_bazel_lcl/install/87bd8178e17eba1d2cb9891fa4d0f450/_embedded_binaries/embedded_tools/tools/cpp/wrapper]
180308 15:56:13.406:I 438 [com.google.devtools.build.lib.skyframe.ExternalFilesHelper.maybeHandleExternalFile] Encountered an external path [/]/[home/lcl/.cache/bazel/_bazel_lcl/install/87bd8178e17eba1d2cb9891fa4d0f450/_embedded_binaries/embedded_tools/tools/cpp/wrapper/bin/pydir/BUILD.bazel]
180308 15:56:13.424:I 442 [com.google.devtools.build.lib.skyframe.ExternalFilesHelper.maybeHandleExternalFile] Encountered an external path [/]/[home/lcl/.cache/bazel/_bazel_lcl/install/87bd8178e17eba1d2cb9891fa4d0f450/_embedded_binaries/embedded_tools/tools/jdk/singlejar/BUILD]
180308 15:56:13.426:I 443 [com.google.devtools.build.lib.skyframe.ExternalFilesHelper.maybeHandleExternalFile] Encountered an external path [/]/[home/lcl/.cache/bazel/_bazel_lcl/install/87bd8178e17eba1d2cb9891fa4d0f450/_embedded_binaries/embedded_tools/tools/cpp/wrapper/bin]
180308 15:56:13.438:I 444 [com.google.devtools.build.lib.skyframe.ExternalFilesHelper.maybeHandleExternalFile] Encountered an external path [/]/[home/lcl/.cache/bazel/_bazel_lcl/install/87bd8178e17eba1d2cb9891fa4d0f450/_embedded_binaries/embedded_tools/tools/jdk/ijar/BUILD]
180308 15:56:13.440:I 438 [com.google.devtools.build.lib.skyframe.ExternalFilesHelper.maybeHandleExternalFile] Encountered an external path [/]/[home/lcl/.cache/bazel/_bazel_lcl/install/87bd8178e17eba1d2cb9891fa4d0f450/_embedded_binaries/embedded_tools/tools/jdk/ijar]
180308 15:56:13.453:I 445 [com.google.devtools.build.lib.skyframe.ExternalFilesHelper.maybeHandleExternalFile] Encountered an external path [/]/[home/lcl/.cache/bazel/_bazel_lcl/install/87bd8178e17eba1d2cb9891fa4d0f450/_embedded_binaries/embedded_tools/tools/cpp/wrapper/bin/pydir/BUILD]
180308 15:56:13.461:I 256 [com.google.devtools.build.lib.skyframe.ExternalFilesHelper.maybeHandleExternalFile] Encountered an external path [/]/[home/lcl/.cache/bazel/_bazel_lcl/install/87bd8178e17eba1d2cb9891fa4d0f450/_embedded_binaries/embedded_tools/tools/jdk/singlejar]
180308 15:56:13.466:I 268 [com.google.devtools.build.lib.skyframe.ExternalFilesHelper.maybeHandleExternalFile] Encountered an external path [/]/[home/lcl/.cache/bazel/_bazel_lcl/install/87bd8178e17eba1d2cb9891fa4d0f450/_embedded_binaries/embedded_tools/tools/cpp/wrapper/bin/pydir]
180308 15:56:13.545:I 395 [com.google.devtools.build.lib.skyframe.ExternalFilesHelper.maybeHandleExternalFile] Encountered an external path [/home/lcl/.cache/bazel/_bazel_lcl/install/87bd8178e17eba1d2cb9891fa4d0f450/_embedded_binaries]/[]
180308 15:56:13.548:I 403 [com.google.devtools.build.lib.skyframe.ExternalFilesHelper.maybeHandleExternalFile] Encountered an external path [/home/lcl/.cache/bazel/_bazel_lcl/install/87bd8178e17eba1d2cb9891fa4d0f450/_embedded_binaries]/[jdk.BUILD]
180308 15:56:13.560:I 405 [com.google.devtools.build.lib.skyframe.ExternalFilesHelper.maybeHandleExternalFile] Encountered an external path [/]/[usr]
180308 15:56:13.561:I 416 [com.google.devtools.build.lib.skyframe.ExternalFilesHelper.maybeHandleExternalFile] Encountered an external path [/]/[usr/lib]
180308 15:56:13.563:I 410 [com.google.devtools.build.lib.skyframe.ExternalFilesHelper.maybeHandleExternalFile] Encountered an external path [/]/[usr/lib/jvm]
180308 15:56:13.569:I 411 [com.google.devtools.build.lib.skyframe.ExternalFilesHelper.maybeHandleExternalFile] Encountered an external path [/]/[usr/lib/jvm/jdk1.8.0_151]
180308 15:56:13.571:I 411 [com.google.devtools.build.lib.skyframe.ExternalFilesHelper.maybeHandleExternalFile] Encountered an external path [/]/[usr/lib/jvm/jdk1.8.0_151]
180308 15:56:13.756:I 440 [com.google.devtools.build.lib.skyframe.ExternalFilesHelper.maybeHandleExternalFile] Encountered an external path [/]/[home/lcl/.cache/bazel/_bazel_lcl/install/87bd8178e17eba1d2cb9891fa4d0f450/_embedded_binaries/jdk.BUILD]
180308 15:56:17.397:I 441 [com.google.devtools.build.lib.skyframe.ExternalFilesHelper.maybeHandleExternalFile] Encountered an external path [/]/[usr/lib/jvm/jdk1.8.0_151/jre]
180308 15:56:17.422:I 293 [com.google.devtools.build.lib.skyframe.ExternalFilesHelper.maybeHandleExternalFile] Encountered an external path [/]/[usr/lib/jvm/jdk1.8.0_151/release]
180308 15:56:17.422:I 240 [com.google.devtools.build.lib.skyframe.ExternalFilesHelper.maybeHandleExternalFile] Encountered an external path [/]/[usr/lib/jvm/jdk1.8.0_151/THIRDPARTYLICENSEREADME-JAVAFX.txt]
180308 15:56:17.422:I 246 [com.google.devtools.build.lib.skyframe.ExternalFilesHelper.maybeHandleExternalFile] Encountered an external path [/]/[usr/lib/jvm/jdk1.8.0_151/include]
180308 15:56:17.448:I 246 [com.google.devtools.build.lib.skyframe.ExternalFilesHelper.maybeHandleExternalFile] Encountered an external path [/]/[usr/lib/jvm/jdk1.8.0_151/include/freebsd]
180308 15:56:17.421:I 245 [com.google.devtools.build.lib.skyframe.ExternalFilesHelper.maybeHandleExternalFile] Encountered an external path [/]/[usr/lib/jvm/jdk1.8.0_151/COPYRIGHT]
180308 15:56:17.421:I 255 [com.google.devtools.build.lib.skyframe.ExternalFilesHelper.maybeHandleExternalFile] Encountered an external path [/]/[usr/lib/jvm/jdk1.8.0_151/THIRDPARTYLICENSEREADME.txt]
180308 15:56:17.420:I 254 [com.google.devtools.build.lib.skyframe.ExternalFilesHelper.maybeHandleExternalFile] Encountered an external path [/]/[usr/lib/jvm/jdk1.8.0_151/man]
180308 15:56:17.420:I 253 [com.google.devtools.build.lib.skyframe.ExternalFilesHelper.maybeHandleExternalFile] Encountered an external path [/]/[usr/lib/jvm/jdk1.8.0_151/src.zip]
180308 15:56:17.419:I 251 [com.google.devtools.build.lib.skyframe.ExternalFilesHelper.maybeHandleExternalFile] Encountered an external path [/]/[usr/lib/jvm/jdk1.8.0_151/lib]
180308 15:56:17.419:I 250 [com.google.devtools.build.lib.skyframe.ExternalFilesHelper.maybeHandleExternalFile] Encountered an external path [/]/[usr/lib/jvm/jdk1.8.0_151/LICENSE]
180308 15:56:17.418:I 252 [com.google.devtools.build.lib.skyframe.ExternalFilesHelper.maybeHandleExternalFile] Encountered an external path [/]/[usr/lib/jvm/jdk1.8.0_151/README.html]
180308 15:56:17.460:I 252 [com.google.devtools.build.lib.skyframe.ExternalFilesHelper.maybeHandleExternalFile] Encountered an external path [/]/[usr/lib/jvm/jdk1.8.0_151/lib/BUILD.bazel]
180308 15:56:17.418:I 248 [com.google.devtools.build.lib.skyframe.ExternalFilesHelper.maybeHandleExternalFile] Encountered an external path [/]/[usr/lib/jvm/jdk1.8.0_151/db]
180308 15:56:17.412:I 244 [com.google.devtools.build.lib.skyframe.ExternalFilesHelper.maybeHandleExternalFile] Encountered an external path [/]/[usr/lib/jvm/jdk1.8.0_151/javafx-src.zip]
180308 15:56:17.401:I 234 [com.google.devtools.build.lib.skyframe.ExternalFilesHelper.maybeHandleExternalFile] Encountered an external path [/]/[usr/lib/jvm/jdk1.8.0_151/bin]
180308 15:56:17.450:I 236 [com.google.devtools.build.lib.skyframe.ExternalFilesHelper.maybeHandleExternalFile] Encountered an external path [/]/[usr/lib/jvm/jdk1.8.0_151/include/win32]
180308 15:56:17.450:I 242 [com.google.devtools.build.lib.skyframe.ExternalFilesHelper.maybeHandleExternalFile] Encountered an external path [/]/[usr/lib/jvm/jdk1.8.0_151/include/BUILD.bazel]
180308 15:56:17.450:I 235 [com.google.devtools.build.lib.skyframe.ExternalFilesHelper.maybeHandleExternalFile] Encountered an external path [/]/[usr/lib/jvm/jdk1.8.0_151/include/darwin]
180308 15:56:17.480:I 297 [com.google.devtools.build.lib.skyframe.ExternalFilesHelper.maybeHandleExternalFile] Encountered an external path [/]/[usr/lib/jvm/jdk1.8.0_151/bin/BUILD.bazel]
180308 15:56:17.481:I 306 [com.google.devtools.build.lib.skyframe.ExternalFilesHelper.maybeHandleExternalFile] Encountered an external path [/]/[usr/lib/jvm/jdk1.8.0_151/bin/BUILD]
180308 15:56:17.481:I 306 [com.google.devtools.build.lib.skyframe.ExternalFilesHelper.maybeHandleExternalFile] Encountered an external path [/]/[usr/lib/jvm/jdk1.8.0_151/bin]
180308 15:56:17.483:I 331 [com.google.devtools.build.lib.skyframe.ExternalFilesHelper.maybeHandleExternalFile] Encountered an external path [/]/[usr/lib/jvm/jdk1.8.0_151/bin/ControlPanel]
180308 15:56:17.484:I 331 [com.google.devtools.build.lib.skyframe.ExternalFilesHelper.maybeHandleExternalFile] Encountered an external path [/]/[usr/lib/jvm/jdk1.8.0_151/bin/jcontrol]
180308 15:56:17.493:I 235 [com.google.devtools.build.lib.skyframe.ExternalFilesHelper.maybeHandleExternalFile] Encountered an external path [/]/[usr/lib/jvm/jdk1.8.0_151/include/BUILD]
180308 15:56:17.568:I 235 [com.google.devtools.build.lib.skyframe.ExternalFilesHelper.maybeHandleExternalFile] Encountered an external path [/]/[usr/lib/jvm/jdk1.8.0_151/include]
180308 15:56:17.573:I 252 [com.google.devtools.build.lib.skyframe.ExternalFilesHelper.maybeHandleExternalFile] Encountered an external path [/]/[usr/lib/jvm/jdk1.8.0_151/lib/BUILD]
180308 15:56:17.580:I 326 [com.google.devtools.build.lib.skyframe.ExternalFilesHelper.maybeHandleExternalFile] Encountered an external path [/]/[usr/lib/jvm/jdk1.8.0_151/lib]
180308 15:56:17.582:I 335 [com.google.devtools.build.lib.skyframe.ExternalFilesHelper.maybeHandleExternalFile] Encountered an external path [/]/[usr/lib/jvm/jdk1.8.0_151/lib/visualvm]
180308 15:56:17.582:I 330 [com.google.devtools.build.lib.skyframe.ExternalFilesHelper.maybeHandleExternalFile] Encountered an external path [/]/[usr/lib/jvm/jdk1.8.0_151/lib/missioncontrol]
180308 15:56:17.559:I 353 [com.google.devtools.build.lib.skyframe.ExternalFilesHelper.maybeHandleExternalFile] Encountered an external path [/]/[usr/lib/jvm/jdk1.8.0_151/jre/BUILD.bazel]
180308 15:56:17.511:I 364 [com.google.devtools.build.lib.skyframe.ExternalFilesHelper.maybeHandleExternalFile] Encountered an external path [/]/[usr/lib/jvm/jdk1.8.0_151/jre/lib]
180308 15:56:17.585:I 364 [com.google.devtools.build.lib.skyframe.ExternalFilesHelper.maybeHandleExternalFile] Encountered an external path [/]/[usr/lib/jvm/jdk1.8.0_151/jre/lib/ext]
180308 15:56:17.510:I 354 [com.google.devtools.build.lib.skyframe.ExternalFilesHelper.maybeHandleExternalFile] Encountered an external path [/]/[usr/lib/jvm/jdk1.8.0_151/jre/bin]
180308 15:56:17.587:I 354 [com.google.devtools.build.lib.skyframe.ExternalFilesHelper.maybeHandleExternalFile] Encountered an external path [/]/[usr/lib/jvm/jdk1.8.0_151/jre/bin/BUILD.bazel]
180308 15:56:17.497:I 356 [com.google.devtools.build.lib.skyframe.ExternalFilesHelper.maybeHandleExternalFile] Encountered an external path [/]/[usr/lib/jvm/jdk1.8.0_151/include/linux]
180308 15:56:17.588:I 356 [com.google.devtools.build.lib.skyframe.ExternalFilesHelper.maybeHandleExternalFile] Encountered an external path [/]/[usr/lib/jvm/jdk1.8.0_151/include/linux/BUILD.bazel]
180308 15:56:17.498:I 348 [com.google.devtools.build.lib.skyframe.ExternalFilesHelper.maybeHandleExternalFile] Encountered an external path [/]/[usr/lib/jvm/jdk1.8.0_151/lib/amd64]
180308 15:56:17.820:I 363 [com.google.devtools.build.lib.skyframe.ExternalFilesHelper.maybeHandleExternalFile] Encountered an external path [/]/[usr/lib/jvm/jdk1.8.0_151/man/BUILD.bazel]
180308 15:56:23.872:I 19 [com.google.devtools.build.lib.buildtool.BuildTool.buildTargets] Configurations created
180308 15:56:23.899:I 19 [com.google.devtools.build.lib.analysis.BuildView.update] Starting analysis
180308 15:56:29.093:I 19 [com.google.devtools.build.lib.profiler.AutoProfiler$LoggingElapsedTimeReceiver.log] Spent 126 milliseconds doing discovering artifact conflicts
180308 15:56:29.101:I 19 [com.google.devtools.build.lib.analysis.BuildView.update] Finished analysis
180308 15:56:29.216:I 19 [com.google.devtools.build.lib.profiler.AutoProfiler$LoggingElapsedTimeReceiver.log] Spent 27 milliseconds doing Loading action cache
180308 15:56:29.294:I 19 [com.google.devtools.build.lib.skyframe.FilesystemValueChecker.getDirtyActionValues] Accumulating dirty actions
180308 15:56:29.299:I 19 [com.google.devtools.build.lib.skyframe.FilesystemValueChecker.getDirtyActionValues] Sharded action values for batching
180308 15:56:29.302:I 19 [com.google.devtools.build.lib.skyframe.FilesystemValueChecker.getDirtyActionValues] Completed output file stat checks
180308 15:56:29.321:I 19 [com.google.devtools.build.lib.skyframe.SkyframeExecutor.informAboutNumberOfModifiedFiles] Found 0 modified files from last build
180308 15:56:29.687:I 744 [com.google.devtools.build.lib.exec.local.LocalSpawnRunner$SubprocessHandler.setState] Step #1 time: 0.000 delta: 0.000 state: INITIALIZING --> PARSING
180308 15:56:29.695:I 744 [com.google.devtools.build.lib.exec.local.LocalSpawnRunner$SubprocessHandler.start] starting local subprocess #1, argv: _bin/build-runfiles bazel-out/local-fastbuild/bin/hello_main.runfiles_manifest bazel-out/local-fastbuild/bin/hello_main.runfiles
180308 15:56:29.695:I 744 [com.google.devtools.build.lib.exec.local.LocalSpawnRunner$SubprocessHandler.stepLog] prefetching inputs for local execution (#1 Creating runfiles tree bazel-out/local-fastbuild/bin/hello_main.runfiles)
180308 15:56:29.696:I 744 [com.google.devtools.build.lib.exec.local.LocalSpawnRunner$SubprocessHandler.setState] Step #1 time: 0.032 delta: 0.032 state: PARSING --> PREFETCHING_LOCAL_INPUTS
180308 15:56:29.697:I 744 [com.google.devtools.build.lib.exec.local.LocalSpawnRunner$SubprocessHandler.stepLog] running locally (#1 Creating runfiles tree bazel-out/local-fastbuild/bin/hello_main.runfiles)
180308 15:56:29.698:I 744 [com.google.devtools.build.lib.exec.local.LocalSpawnRunner$SubprocessHandler.setState] Step #1 time: 0.033 delta: 0.001 state: PREFETCHING_LOCAL_INPUTS --> LOCAL_ACTION_RUNNING
180308 15:56:29.759:I 744 [com.google.devtools.build.lib.exec.local.LocalSpawnRunner$SubprocessHandler.setState] Step #1 time: 0.094 delta: 0.061 state: LOCAL_ACTION_RUNNING --> SUCCESS
180308 15:56:29.761:I 744 [com.google.devtools.build.lib.profiler.AutoProfiler$LoggingElapsedTimeReceiver.log] Spent 121 milliseconds doing running action 'Creating runfiles tree bazel-out/local-fastbuild/bin/hello_main.runfiles'
180308 15:56:29.847:I 19 [com.google.devtools.build.lib.profiler.AutoProfiler$LoggingElapsedTimeReceiver.log] Spent 11 milliseconds doing Saving action cache
180308 15:56:29.866:I 19 [com.google.devtools.build.lib.runtime.BuildSummaryStatsModule.buildComplete] Critical Path: 0.15s
  0.01s runfiles for //:hello_main
  0.13s action 'Creating runfiles tree bazel-out/local-fastbuild/bin/hello_main.runfiles'
  0.02s action 'Creating source manifest for //:hello_main'
180308 15:56:29.883:I 19 [com.google.devtools.build.lib.runtime.BuildSummaryStatsModule.buildComplete] Slowest actions:
  0.14s action 'BazelWorkspaceStatusAction stable-status.txt'
  0.13s action 'Creating runfiles tree bazel-out/local-fastbuild/bin/hello_main.runfiles'
  0.02s action 'Creating source manifest for //:hello_main'
  0.01s action 'Expanding template hello_main'
  0.01s runfiles for //:hello_main
  0.00s runfiles_artifacts for //:hello_main
180308 15:56:29.917:I 19 [com.google.devtools.build.lib.runtime.CacheFileDigestsModule.logStats] Accumulated cache stats after command: hit count=0, miss count=7, hit rate=0.0, eviction count=0
180308 15:56:29.918:I 19 [com.google.devtools.build.lib.runtime.CacheFileDigestsModule.logStats] Cache stats for finished command: hit count=0, miss count=7, hit rate=0.0, eviction count=0
180308 15:56:30.084:I 19 [com.google.devtools.build.lib.server.GrpcServerImpl$RunningCommand.close] Finished command c35f962e-0a6c-4f03-872d-7e2d9a8f2ddd on thread grpc-command-0
180308 15:56:40.021:I 745 [com.google.devtools.build.lib.profiler.AutoProfiler$LoggingElapsedTimeReceiver.log] Spent 98 milliseconds doing Idle GC
>>>>>>> 739a15398c4714f2804e3a80350734c2b0a1daa3
